<?xml version="1.0" encoding="UTF-8"?>
<!-- Generated by org.testng.reporters.JUnitReportReporter -->
<testsuite skipped="0" hostname="IB1-050582-1L" name="tuhoc.testcaseGG" tests="1" failures="0" timestamp="19 Mar 2023 11:38:03 GMT" time="3.314" errors="0">
  <testcase name="TC_Search_by_Enter" time="3.314" classname="tuhoc.testcaseGG"/>
</testsuite> <!-- tuhoc.testcaseGG -->
